<?xml version="1.0" encoding="UTF-8"?>
<coverage generated="1731615692634" clover="3.2.0">
  <project timestamp="1731615692634" name="All files">
    <metrics statements="69" coveredstatements="68" conditionals="13" coveredconditionals="13" methods="22" coveredmethods="20" elements="104" coveredelements="101" complexity="0" loc="69" ncloc="69" packages="3" files="5" classes="5"/>
    <package name="controllers">
      <metrics statements="6" coveredstatements="5" conditionals="0" coveredconditionals="0" methods="4" coveredmethods="3"/>
      <file name="GameController.ts" path="/root/TQS_ArkanoidJS/src/controllers/GameController.ts">
        <metrics statements="6" coveredstatements="5" conditionals="0" coveredconditionals="0" methods="4" coveredmethods="3"/>
        <line num="6" count="2" type="stmt"/>
        <line num="8" count="3" type="stmt"/>
        <line num="11" count="3" type="stmt"/>
        <line num="15" count="1" type="stmt"/>
        <line num="16" count="1" type="stmt"/>
        <line num="22" count="0" type="stmt"/>
      </file>
    </package>
    <package name="model">
      <metrics statements="36" coveredstatements="36" conditionals="11" coveredconditionals="11" methods="11" coveredmethods="11"/>
      <file name="Ball.ts" path="/root/TQS_ArkanoidJS/src/model/Ball.ts">
        <metrics statements="25" coveredstatements="25" conditionals="11" coveredconditionals="11" methods="9" coveredmethods="9"/>
        <line num="1" count="2" type="stmt"/>
        <line num="7" count="23" type="stmt"/>
        <line num="8" count="23" type="stmt"/>
        <line num="9" count="23" type="stmt"/>
        <line num="18" count="23" type="stmt"/>
        <line num="19" count="23" type="stmt"/>
        <line num="20" count="23" type="stmt"/>
        <line num="21" count="23" type="stmt"/>
        <line num="22" count="23" type="stmt"/>
        <line num="26" count="1" type="stmt"/>
        <line num="27" count="1" type="stmt"/>
        <line num="31" count="1" type="stmt"/>
        <line num="32" count="1" type="stmt"/>
        <line num="36" count="4" type="cond" truecount="1" falsecount="0"/>
        <line num="37" count="4" type="cond" truecount="1" falsecount="0"/>
        <line num="38" count="4" type="cond" truecount="1" falsecount="0"/>
        <line num="40" count="4" type="stmt"/>
        <line num="41" count="4" type="stmt"/>
        <line num="45" count="2" type="stmt"/>
        <line num="54" count="7" type="stmt"/>
        <line num="63" count="7" type="stmt"/>
        <line num="70" count="7" type="stmt"/>
        <line num="84" count="4" type="stmt"/>
        <line num="91" count="4" type="stmt"/>
        <line num="92" count="4" type="stmt"/>
      </file>
      <file name="Brick.ts" path="/root/TQS_ArkanoidJS/src/model/Brick.ts">
        <metrics statements="6" coveredstatements="6" conditionals="0" coveredconditionals="0" methods="1" coveredmethods="1"/>
        <line num="1" count="1" type="stmt"/>
        <line num="6" count="6" type="stmt"/>
        <line num="12" count="6" type="stmt"/>
        <line num="13" count="6" type="stmt"/>
        <line num="14" count="6" type="stmt"/>
        <line num="15" count="6" type="stmt"/>
      </file>
      <file name="Paddle.ts" path="/root/TQS_ArkanoidJS/src/model/Paddle.ts">
        <metrics statements="5" coveredstatements="5" conditionals="0" coveredconditionals="0" methods="1" coveredmethods="1"/>
        <line num="1" count="2" type="stmt"/>
        <line num="9" count="5" type="stmt"/>
        <line num="10" count="5" type="stmt"/>
        <line num="11" count="5" type="stmt"/>
        <line num="12" count="5" type="stmt"/>
      </file>
    </package>
    <package name="view">
      <metrics statements="27" coveredstatements="27" conditionals="2" coveredconditionals="2" methods="7" coveredmethods="6"/>
      <file name="GameView.ts" path="/root/TQS_ArkanoidJS/src/view/GameView.ts">
        <metrics statements="27" coveredstatements="27" conditionals="2" coveredconditionals="2" methods="7" coveredmethods="6"/>
        <line num="5" count="2" type="stmt"/>
        <line num="9" count="8" type="stmt"/>
        <line num="13" count="8" type="stmt"/>
        <line num="17" count="8" type="stmt"/>
        <line num="18" count="8" type="stmt"/>
        <line num="20" count="8" type="stmt"/>
        <line num="26" count="8" type="stmt"/>
        <line num="27" count="8" type="stmt"/>
        <line num="28" count="8" type="stmt"/>
        <line num="33" count="3" type="stmt"/>
        <line num="34" count="3" type="stmt"/>
        <line num="40" count="1" type="stmt"/>
        <line num="41" count="1" type="stmt"/>
        <line num="42" count="1" type="stmt"/>
        <line num="43" count="1" type="stmt"/>
        <line num="44" count="1" type="stmt"/>
        <line num="48" count="1" type="stmt"/>
        <line num="62" count="3" type="stmt"/>
        <line num="63" count="3" type="stmt"/>
        <line num="64" count="3" type="stmt"/>
        <line num="66" count="3" type="stmt"/>
        <line num="67" count="9" type="cond" truecount="1" falsecount="0"/>
        <line num="68" count="6" type="stmt"/>
        <line num="69" count="12" type="stmt"/>
        <line num="70" count="12" type="cond" truecount="1" falsecount="0"/>
        <line num="72" count="8" type="stmt"/>
        <line num="88" count="1" type="stmt"/>
      </file>
    </package>
  </project>
</coverage>
