{"/root/TQS_ArkanoidJS/src/controllers/GameController.ts": {"path":"/root/TQS_ArkanoidJS/src/controllers/GameController.ts","statementMap":{"0":{"start":{"line":8,"column":10},"end":{"line":8,"column":37}},"1":{"start":{"line":11,"column":4},"end":{"line":11,"column":21}},"2":{"start":{"line":15,"column":4},"end":{"line":15,"column":26}},"3":{"start":{"line":21,"column":4},"end":{"line":21,"column":26}},"4":{"start":{"line":6,"column":0},"end":{"line":6,"column":13}}},"fnMap":{"0":{"name":"(anonymous_0)","decl":{"start":{"line":10,"column":2},"end":{"line":10,"column":14}},"loc":{"start":{"line":10,"column":28},"end":{"line":12,"column":3}}},"1":{"name":"(anonymous_1)","decl":{"start":{"line":14,"column":9},"end":{"line":14,"column":18}},"loc":{"start":{"line":14,"column":18},"end":{"line":16,"column":3}}},"2":{"name":"(anonymous_2)","decl":{"start":{"line":18,"column":9},"end":{"line":18,"column":17}},"loc":{"start":{"line":18,"column":17},"end":{"line":18,"column":22}}},"3":{"name":"(anonymous_3)","decl":{"start":{"line":20,"column":9},"end":{"line":20,"column":21}},"loc":{"start":{"line":20,"column":21},"end":{"line":22,"column":3}}}},"branchMap":{},"s":{"0":0,"1":0,"2":0,"3":0,"4":2},"f":{"0":0,"1":0,"2":0,"3":0},"b":{}}
,"/root/TQS_ArkanoidJS/src/model/Ball.ts": {"path":"/root/TQS_ArkanoidJS/src/model/Ball.ts","statementMap":{"0":{"start":{"line":15,"column":4},"end":{"line":15,"column":15}},"1":{"start":{"line":16,"column":4},"end":{"line":16,"column":15}},"2":{"start":{"line":17,"column":4},"end":{"line":17,"column":25}},"3":{"start":{"line":18,"column":4},"end":{"line":18,"column":25}},"4":{"start":{"line":19,"column":4},"end":{"line":19,"column":25}},"5":{"start":{"line":1,"column":0},"end":{"line":1,"column":13}}},"fnMap":{"0":{"name":"(anonymous_0)","decl":{"start":{"line":8,"column":2},"end":{"line":8,"column":null}},"loc":{"start":{"line":13,"column":18},"end":{"line":20,"column":3}}}},"branchMap":{},"s":{"0":1,"1":1,"2":1,"3":1,"4":1,"5":2},"f":{"0":1},"b":{}}
,"/root/TQS_ArkanoidJS/src/model/Brick.ts": {"path":"/root/TQS_ArkanoidJS/src/model/Brick.ts","statementMap":{"0":{"start":{"line":6,"column":10},"end":{"line":9,"column":4}},"1":{"start":{"line":12,"column":4},"end":{"line":12,"column":25}},"2":{"start":{"line":13,"column":4},"end":{"line":13,"column":25}},"3":{"start":{"line":14,"column":4},"end":{"line":14,"column":25}},"4":{"start":{"line":15,"column":4},"end":{"line":15,"column":23}},"5":{"start":{"line":1,"column":0},"end":{"line":1,"column":13}}},"fnMap":{"0":{"name":"(anonymous_0)","decl":{"start":{"line":11,"column":2},"end":{"line":11,"column":14}},"loc":{"start":{"line":11,"column":75},"end":{"line":16,"column":3}}}},"branchMap":{},"s":{"0":6,"1":6,"2":6,"3":6,"4":6,"5":1},"f":{"0":6},"b":{}}
,"/root/TQS_ArkanoidJS/src/model/Map.ts": {"path":"/root/TQS_ArkanoidJS/src/model/Map.ts","statementMap":{"0":{"start":{"line":4,"column":10},"end":{"line":4,"column":28}},"1":{"start":{"line":5,"column":10},"end":{"line":5,"column":39}},"2":{"start":{"line":6,"column":10},"end":{"line":6,"column":36}},"3":{"start":{"line":7,"column":10},"end":{"line":7,"column":33}},"4":{"start":{"line":8,"column":10},"end":{"line":8,"column":34}},"5":{"start":{"line":9,"column":10},"end":{"line":9,"column":35}},"6":{"start":{"line":10,"column":10},"end":{"line":10,"column":37}},"7":{"start":{"line":11,"column":10},"end":{"line":11,"column":38}},"8":{"start":{"line":12,"column":10},"end":{"line":15,"column":4}},"9":{"start":{"line":16,"column":10},"end":{"line":16,"column":33}},"10":{"start":{"line":21,"column":4},"end":{"line":21,"column":23}},"11":{"start":{"line":25,"column":4},"end":{"line":25,"column":33}},"12":{"start":{"line":29,"column":4},"end":{"line":29,"column":30}},"13":{"start":{"line":33,"column":4},"end":{"line":33,"column":27}},"14":{"start":{"line":37,"column":4},"end":{"line":37,"column":28}},"15":{"start":{"line":3,"column":0},"end":{"line":3,"column":13}}},"fnMap":{"0":{"name":"(anonymous_0)","decl":{"start":{"line":18,"column":2},"end":{"line":18,"column":17}},"loc":{"start":{"line":18,"column":2},"end":{"line":18,"column":18}}},"1":{"name":"(anonymous_1)","decl":{"start":{"line":20,"column":2},"end":{"line":20,"column":11}},"loc":{"start":{"line":20,"column":11},"end":{"line":22,"column":3}}},"2":{"name":"(anonymous_2)","decl":{"start":{"line":24,"column":2},"end":{"line":24,"column":21}},"loc":{"start":{"line":24,"column":21},"end":{"line":26,"column":3}}},"3":{"name":"(anonymous_3)","decl":{"start":{"line":28,"column":2},"end":{"line":28,"column":18}},"loc":{"start":{"line":28,"column":18},"end":{"line":30,"column":3}}},"4":{"name":"(anonymous_4)","decl":{"start":{"line":32,"column":2},"end":{"line":32,"column":15}},"loc":{"start":{"line":32,"column":15},"end":{"line":34,"column":3}}},"5":{"name":"(anonymous_5)","decl":{"start":{"line":36,"column":2},"end":{"line":36,"column":16}},"loc":{"start":{"line":36,"column":16},"end":{"line":38,"column":3}}},"6":{"name":"(anonymous_6)","decl":{"start":{"line":40,"column":2},"end":{"line":40,"column":13}},"loc":{"start":{"line":40,"column":27},"end":{"line":40,"column":31}}}},"branchMap":{},"s":{"0":3,"1":3,"2":3,"3":3,"4":3,"5":3,"6":3,"7":3,"8":3,"9":3,"10":0,"11":0,"12":0,"13":0,"14":0,"15":1},"f":{"0":3,"1":0,"2":0,"3":0,"4":0,"5":0,"6":0},"b":{}}
,"/root/TQS_ArkanoidJS/src/model/Paddle.ts": {"path":"/root/TQS_ArkanoidJS/src/model/Paddle.ts","statementMap":{"0":{"start":{"line":13,"column":4},"end":{"line":13,"column":35}},"1":{"start":{"line":14,"column":4},"end":{"line":14,"column":37}},"2":{"start":{"line":15,"column":4},"end":{"line":15,"column":27}},"3":{"start":{"line":16,"column":4},"end":{"line":16,"column":27}},"4":{"start":{"line":1,"column":0},"end":{"line":1,"column":13}}},"fnMap":{"0":{"name":"(anonymous_0)","decl":{"start":{"line":7,"column":2},"end":{"line":7,"column":null}},"loc":{"start":{"line":11,"column":19},"end":{"line":17,"column":3}}}},"branchMap":{},"s":{"0":1,"1":1,"2":1,"3":1,"4":2},"f":{"0":1},"b":{}}
,"/root/TQS_ArkanoidJS/src/view/GameView.ts": {"path":"/root/TQS_ArkanoidJS/src/view/GameView.ts","statementMap":{"0":{"start":{"line":9,"column":10},"end":{"line":11,"column":24}},"1":{"start":{"line":13,"column":10},"end":{"line":15,"column":24}},"2":{"start":{"line":17,"column":10},"end":{"line":17,"column":36}},"3":{"start":{"line":18,"column":10},"end":{"line":18,"column":37}},"4":{"start":{"line":20,"column":10},"end":{"line":23,"column":4}},"5":{"start":{"line":26,"column":4},"end":{"line":26,"column":25}},"6":{"start":{"line":27,"column":4},"end":{"line":27,"column":19}},"7":{"start":{"line":28,"column":4},"end":{"line":28,"column":44}},"8":{"start":{"line":33,"column":4},"end":{"line":33,"column":41}},"9":{"start":{"line":34,"column":4},"end":{"line":34,"column":43}},"10":{"start":{"line":40,"column":4},"end":{"line":40,"column":25}},"11":{"start":{"line":41,"column":4},"end":{"line":41,"column":62}},"12":{"start":{"line":42,"column":4},"end":{"line":42,"column":32}},"13":{"start":{"line":43,"column":4},"end":{"line":43,"column":20}},"14":{"start":{"line":44,"column":4},"end":{"line":44,"column":25}},"15":{"start":{"line":48,"column":4},"end":{"line":58,"column":6}},"16":{"start":{"line":62,"column":19},"end":{"line":62,"column":34}},"17":{"start":{"line":63,"column":23},"end":{"line":63,"column":42}},"18":{"start":{"line":64,"column":24},"end":{"line":64,"column":44}},"19":{"start":{"line":66,"column":4},"end":{"line":83,"column":5}},"20":{"start":{"line":66,"column":17},"end":{"line":66,"column":18}},"21":{"start":{"line":67,"column":6},"end":{"line":82,"column":7}},"22":{"start":{"line":67,"column":19},"end":{"line":67,"column":20}},"23":{"start":{"line":68,"column":29},"end":{"line":68,"column":41}},"24":{"start":{"line":69,"column":8},"end":{"line":69,"column":69}},"25":{"start":{"line":69,"column":60},"end":{"line":69,"column":69}},"26":{"start":{"line":71,"column":8},"end":{"line":81,"column":10}},"27":{"start":{"line":87,"column":4},"end":{"line":87,"column":66}},"28":{"start":{"line":5,"column":0},"end":{"line":5,"column":13}}},"fnMap":{"0":{"name":"(anonymous_0)","decl":{"start":{"line":25,"column":2},"end":{"line":25,"column":14}},"loc":{"start":{"line":25,"column":70},"end":{"line":30,"column":3}}},"1":{"name":"(anonymous_1)","decl":{"start":{"line":32,"column":2},"end":{"line":32,"column":12}},"loc":{"start":{"line":32,"column":12},"end":{"line":35,"column":3}}},"2":{"name":"(anonymous_2)","decl":{"start":{"line":37,"column":2},"end":{"line":37,"column":8}},"loc":{"start":{"line":37,"column":45},"end":{"line":37,"column":55}}},"3":{"name":"(anonymous_3)","decl":{"start":{"line":39,"column":10},"end":{"line":39,"column":18}},"loc":{"start":{"line":39,"column":29},"end":{"line":45,"column":3}}},"4":{"name":"(anonymous_4)","decl":{"start":{"line":47,"column":10},"end":{"line":47,"column":20}},"loc":{"start":{"line":47,"column":35},"end":{"line":59,"column":3}}},"5":{"name":"(anonymous_5)","decl":{"start":{"line":61,"column":10},"end":{"line":61,"column":17}},"loc":{"start":{"line":61,"column":26},"end":{"line":84,"column":3}}},"6":{"name":"(anonymous_6)","decl":{"start":{"line":86,"column":2},"end":{"line":86,"column":13}},"loc":{"start":{"line":86,"column":13},"end":{"line":88,"column":3}}}},"branchMap":{"0":{"loc":{"start":{"line":69,"column":8},"end":{"line":69,"column":69}},"type":"if","locations":[{"start":{"line":69,"column":8},"end":{"line":69,"column":69}}]}},"s":{"0":8,"1":8,"2":8,"3":8,"4":8,"5":8,"6":8,"7":8,"8":3,"9":3,"10":1,"11":1,"12":1,"13":1,"14":1,"15":1,"16":3,"17":3,"18":3,"19":3,"20":3,"21":7,"22":7,"23":13,"24":12,"25":4,"26":8,"27":1,"28":3},"f":{"0":8,"1":3,"2":0,"3":1,"4":1,"5":3,"6":1},"b":{"0":[4]}}
}
