TN:
SF:src/controllers/GameController.ts
FN:10,(anonymous_0)
FN:14,(anonymous_1)
FN:19,(anonymous_2)
FN:21,(anonymous_3)
FNF:4
FNH:3
FNDA:3,(anonymous_0)
FNDA:1,(anonymous_1)
FNDA:1,(anonymous_2)
FNDA:0,(anonymous_3)
DA:6,2
DA:8,3
DA:11,3
DA:15,1
DA:16,1
DA:22,0
LF:6
LH:5
BRF:0
BRH:0
end_of_record
TN:
SF:src/model/Ball.ts
FN:11,(anonymous_0)
FN:25,(anonymous_1)
FN:30,(anonymous_2)
FN:35,(anonymous_3)
FN:44,(anonymous_4)
FN:48,(anonymous_5)
FN:62,(anonymous_6)
FN:69,(anonymous_7)
FN:76,(anonymous_8)
FNF:9
FNH:9
FNDA:23,(anonymous_0)
FNDA:1,(anonymous_1)
FNDA:1,(anonymous_2)
FNDA:4,(anonymous_3)
FNDA:2,(anonymous_4)
FNDA:7,(anonymous_5)
FNDA:7,(anonymous_6)
FNDA:7,(anonymous_7)
FNDA:4,(anonymous_8)
DA:1,2
DA:7,23
DA:8,23
DA:9,23
DA:18,23
DA:19,23
DA:20,23
DA:21,23
DA:22,23
DA:26,1
DA:27,1
DA:31,1
DA:32,1
DA:36,4
DA:37,4
DA:38,4
DA:40,4
DA:41,4
DA:45,2
DA:54,7
DA:63,7
DA:70,7
DA:84,4
DA:91,4
DA:92,4
LF:25
LH:25
BRDA:36,0,0,1
BRDA:37,1,0,1
BRDA:38,2,0,1
BRDA:55,3,0,7
BRDA:55,3,1,7
BRDA:55,3,2,5
BRDA:55,3,3,5
BRDA:64,4,0,7
BRDA:64,4,1,5
BRDA:71,5,0,7
BRDA:71,5,1,6
BRF:11
BRH:11
end_of_record
TN:
SF:src/model/Brick.ts
FN:11,(anonymous_0)
FNF:1
FNH:1
FNDA:6,(anonymous_0)
DA:1,1
DA:6,6
DA:12,6
DA:13,6
DA:14,6
DA:15,6
LF:6
LH:6
BRF:0
BRH:0
end_of_record
TN:
SF:src/model/Paddle.ts
FN:8,(anonymous_0)
FNF:1
FNH:1
FNDA:5,(anonymous_0)
DA:1,2
DA:9,5
DA:10,5
DA:11,5
DA:12,5
LF:5
LH:5
BRF:0
BRH:0
end_of_record
TN:
SF:src/view/GameView.ts
FN:25,(anonymous_0)
FN:32,(anonymous_1)
FN:37,(anonymous_2)
FN:39,(anonymous_3)
FN:47,(anonymous_4)
FN:61,(anonymous_5)
FN:87,(anonymous_6)
FNF:7
FNH:6
FNDA:8,(anonymous_0)
FNDA:3,(anonymous_1)
FNDA:0,(anonymous_2)
FNDA:1,(anonymous_3)
FNDA:1,(anonymous_4)
FNDA:3,(anonymous_5)
FNDA:1,(anonymous_6)
DA:5,2
DA:9,8
DA:13,8
DA:17,8
DA:18,8
DA:20,8
DA:26,8
DA:27,8
DA:28,8
DA:33,3
DA:34,3
DA:40,1
DA:41,1
DA:42,1
DA:43,1
DA:44,1
DA:48,1
DA:62,3
DA:63,3
DA:64,3
DA:66,3
DA:67,9
DA:68,6
DA:69,12
DA:70,12
DA:72,8
DA:88,1
LF:27
LH:27
BRDA:67,0,0,3
BRDA:70,1,0,4
BRF:2
BRH:2
end_of_record
