TN:
SF:src/controllers/GameController.ts
FN:10,(anonymous_0)
FN:14,(anonymous_1)
FN:18,(anonymous_2)
FN:20,(anonymous_3)
FNF:4
FNH:0
FNDA:0,(anonymous_0)
FNDA:0,(anonymous_1)
FNDA:0,(anonymous_2)
FNDA:0,(anonymous_3)
DA:6,2
DA:8,0
DA:11,0
DA:15,0
DA:21,0
LF:5
LH:1
BRF:0
BRH:0
end_of_record
TN:
SF:src/model/Ball.ts
FN:8,(anonymous_0)
FNF:1
FNH:1
FNDA:1,(anonymous_0)
DA:1,2
DA:15,1
DA:16,1
DA:17,1
DA:18,1
DA:19,1
LF:6
LH:6
BRF:0
BRH:0
end_of_record
TN:
SF:src/model/Brick.ts
FN:11,(anonymous_0)
FNF:1
FNH:1
FNDA:6,(anonymous_0)
DA:1,1
DA:6,6
DA:12,6
DA:13,6
DA:14,6
DA:15,6
LF:6
LH:6
BRF:0
BRH:0
end_of_record
TN:
SF:src/model/Map.ts
FN:18,(anonymous_0)
FN:20,(anonymous_1)
FN:24,(anonymous_2)
FN:28,(anonymous_3)
FN:32,(anonymous_4)
FN:36,(anonymous_5)
FN:40,(anonymous_6)
FNF:7
FNH:1
FNDA:3,(anonymous_0)
FNDA:0,(anonymous_1)
FNDA:0,(anonymous_2)
FNDA:0,(anonymous_3)
FNDA:0,(anonymous_4)
FNDA:0,(anonymous_5)
FNDA:0,(anonymous_6)
DA:3,1
DA:4,3
DA:5,3
DA:6,3
DA:7,3
DA:8,3
DA:9,3
DA:10,3
DA:11,3
DA:12,3
DA:16,3
DA:21,0
DA:25,0
DA:29,0
DA:33,0
DA:37,0
LF:16
LH:11
BRF:0
BRH:0
end_of_record
TN:
SF:src/model/Paddle.ts
FN:7,(anonymous_0)
FNF:1
FNH:1
FNDA:1,(anonymous_0)
DA:1,2
DA:13,1
DA:14,1
DA:15,1
DA:16,1
LF:5
LH:5
BRF:0
BRH:0
end_of_record
TN:
SF:src/view/GameView.ts
FN:25,(anonymous_0)
FN:32,(anonymous_1)
FN:37,(anonymous_2)
FN:39,(anonymous_3)
FN:47,(anonymous_4)
FN:61,(anonymous_5)
FN:87,(anonymous_6)
FNF:7
FNH:6
FNDA:8,(anonymous_0)
FNDA:3,(anonymous_1)
FNDA:0,(anonymous_2)
FNDA:1,(anonymous_3)
FNDA:1,(anonymous_4)
FNDA:3,(anonymous_5)
FNDA:1,(anonymous_6)
DA:5,3
DA:9,8
DA:13,8
DA:17,8
DA:18,8
DA:20,8
DA:26,8
DA:27,8
DA:28,8
DA:33,3
DA:34,3
DA:40,1
DA:41,1
DA:42,1
DA:43,1
DA:44,1
DA:48,1
DA:62,3
DA:63,3
DA:64,3
DA:66,3
DA:67,9
DA:68,6
DA:69,12
DA:70,12
DA:72,8
DA:88,1
LF:27
LH:27
BRDA:67,0,0,3
BRDA:70,1,0,4
BRF:2
BRH:2
end_of_record
